{
  "stats": {
    "suites": 0,
    "tests": 1,
    "passes": 1,
    "pending": 0,
    "failures": 0,
    "start": "2023-11-17T04:04:52.669Z",
    "end": "2023-11-17T04:07:02.701Z",
    "duration": 130032,
    "testsRegistered": 1,
    "passPercent": 100,
    "pendingPercent": 0,
    "other": 0,
    "hasOther": false,
    "skipped": 0,
    "hasSkipped": false
  },
  "results": [
    {
      "uuid": "fe2151a6-8313-4855-ad1d-93fa50e50d06",
      "title": "",
      "fullFile": "cypress\\e2e\\Pages\\Report_Dividend_Report.cy.js",
      "file": "cypress\\e2e\\Pages\\Report_Dividend_Report.cy.js",
      "beforeHooks": [],
      "afterHooks": [],
      "tests": [
        {
          "title": "Comet_Jainam",
          "fullTitle": "Comet_Jainam",
          "timedOut": null,
          "duration": 126509,
          "state": "passed",
          "speed": "slow",
          "pass": true,
          "fail": false,
          "pending": false,
          "context": "{\n  \"title\": \"cypress-mochawesome-reporter-videos-passed\",\n  \"value\": \"cypress\\\\e2e\\\\Pages\\\\Report_Dividend_Report.cy.js\"\n}",
          "code": "cy.visit('https://comet.jainam.in/#/startup');\ncy.wait(3000);\ncy.get('.login-space-btn').click();\nloginPage.enterUsername();\nloginPage.enterPassword();\nloginPage.clickLogin();\ncy.wait(3000);\n//Pin Page\ncy.get('.form_wrap').click();\ncy.wait(2000);\n//Enter Pin\ncy.wait(1000);\ncy.get('[formcontrolname=\"otp1\"]').type('0');\ncy.get('[formcontrolname=\"otp2\"]').type('0');\ncy.get('[formcontrolname=\"otp3\"]').type('0');\ncy.get('[formcontrolname=\"otp4\"]').type('0');\ncy.wait(35000);\n//Click on form\ncy.get('#AddNomineeDetail > .modal-dialog > .modal-content > .modal-body > .close').click();\ncy.wait(35000);\n// click on Reports\ncy.get('#ReportDropdown').click({\n  force: true\n});\ncy.wait(4000);\n// 7) Dividend Report\n//cy.get('#ReportDropdown').click()\ncy.get('[href=\"#/dividend-report\"]').click();\ncy.wait(3000);\n//Click on Submit Button\ncy.get('.btn').click();\ncy.wait(3000);\ncy.get('.k-grid').click();\ncy.wait(3000);\ncy.get('[data-kendo-grid-item-index=\"5\"] > [data-kendo-grid-column-index=\"5\"]').click();\ncy.wait(3000);\ncy.get('.header_top_space_add').click();\ncy.wait(1000);\ncy.get('.mis-corporate-form > :nth-child(1)').click().type(\"{downArrow}{downArrow}{Enter}\");\ncy.wait(2000);\ncy.get('.btn').click();\ncy.wait(3000);\n//Selecting GRID\ncy.get('.k-grid').click();\ncy.wait(3000);\n// Selecting GRID Content\ncy.get('.k-group-footer > [aria-colindex=\"1\"]').click();\ncy.wait(3000);\n//Move to TOP \ncy.get('.mis > .container').click();\ncy.wait(3000);\ncy.get('body').click();\ncy.wait(4000);",
          "err": {},
          "uuid": "a48841cc-f465-4959-88b5-1d7ab72a1f19",
          "parentUUID": "fe2151a6-8313-4855-ad1d-93fa50e50d06",
          "isHook": false,
          "skipped": false
        }
      ],
      "suites": [],
      "passes": [
        "a48841cc-f465-4959-88b5-1d7ab72a1f19"
      ],
      "failures": [],
      "pending": [],
      "skipped": [],
      "duration": 126509,
      "root": true,
      "rootEmpty": false,
      "_timeout": 2000
    }
  ],
  "meta": {
    "mocha": {
      "version": "7.0.1"
    },
    "mochawesome": {
      "options": {
        "quiet": false,
        "reportFilename": "mochawesome",
        "saveHtml": false,
        "saveJson": true,
        "consoleReporter": "spec",
        "useInlineDiffs": false,
        "code": true
      },
      "version": "7.1.3"
    },
    "marge": {
      "options": {
        "charts": true,
        "reportPageTitle": "cypress - report",
        "embeddedScreenshots": true,
        "html": false,
        "inlineAssets": true,
        "saveAllAttempts": true,
        "overwrite": false,
        "json": true,
        "reportDir": "cypress\\reports\\html\\.jsons"
      },
      "version": "6.2.0"
    }
  }
}