{
  "stats": {
    "suites": 0,
    "tests": 1,
    "passes": 0,
    "pending": 0,
    "failures": 1,
    "start": "2023-11-17T04:01:24.701Z",
    "end": "2023-11-17T04:02:37.154Z",
    "duration": 72453,
    "testsRegistered": 1,
    "passPercent": 0,
    "pendingPercent": 0,
    "other": 0,
    "hasOther": false,
    "skipped": 0,
    "hasSkipped": false
  },
  "results": [
    {
      "uuid": "e2be1900-83cd-414b-aa95-86f1c79cc385",
      "title": "",
      "fullFile": "cypress\\e2e\\comet.cy.js",
      "file": "cypress\\e2e\\comet.cy.js",
      "beforeHooks": [],
      "afterHooks": [],
      "tests": [
        {
          "title": "Comet_Jainam",
          "fullTitle": "Comet_Jainam",
          "timedOut": null,
          "duration": 68643,
          "state": "failed",
          "speed": null,
          "pass": false,
          "fail": true,
          "pending": false,
          "context": "[\n  {\n    \"title\": \"cypress-mochawesome-reporter-videos-failed\",\n    \"value\": \"cypress\\\\e2e\\\\comet.cy.js\"\n  },\n  {\n    \"title\": \"cypress-mochawesome-reporter-screenshots\",\n    \"value\": [\n      [\n        \"\\\\comet.cy.js\\\\Comet_Jainam (failed).png\"\n      ]\n    ]\n  }\n]",
          "code": "cy.visit('https://comet.jainam.in/#/startup');\ncy.wait(3000);\ncy.get('.login-space-btn').click();\nloginPage.enterUsername();\nloginPage.enterPassword();\nloginPage.clickLogin();\ncy.wait(3000);\n//Pin Page\ncy.get('.form_wrap').click();\ncy.wait(2000);\n//Enter Pin\ncy.wait(1000);\ncy.get('[formcontrolname=\"otp1\"]').type('0');\ncy.get('[formcontrolname=\"otp2\"]').type('0');\ncy.get('[formcontrolname=\"otp3\"]').type('0');\ncy.get('[formcontrolname=\"otp4\"]').type('0');\ncy.wait(4000);\n//Click on form\ncy.get('#AddNomineeDetail > .modal-dialog > .modal-content > .modal-body > .close').click();\ncy.wait(35000);\n// Click on LAS\ncy.get('.menu_hover.ng-star-inserted > .nav-link').click();\ncy.wait(7000);\n//Click on Approve Stock List\ncy.get('.approve-stock').click();\ncy.wait(3000);",
          "err": {
            "message": "CypressError: Timed out retrying after 4050ms: `cy.click()` failed because this element:\n\n`<a _ngcontent-mym-c9=\"\" class=\"approve-stock\" href=\"#\">Approve...</a>`\n\nis being covered by another element:\n\n`<div _ngcontent-mym-c1=\"\" class=\"overlay ng-tns-c1-0 ng-trigger ng-trigger-fadeIn ng-star-inserted\" style=\"background-color: rgba(51, 51, 51, 0.8); z-index: 99999; position: fixed; opacity: 1;\">...</div>`\n\nFix this problem, or use {force: true} to disable error checking.\n\nhttps://on.cypress.io/element-cannot-be-interacted-with",
            "estack": "CypressError: Timed out retrying after 4050ms: `cy.click()` failed because this element:\n\n`<a _ngcontent-mym-c9=\"\" class=\"approve-stock\" href=\"#\">Approve...</a>`\n\nis being covered by another element:\n\n`<div _ngcontent-mym-c1=\"\" class=\"overlay ng-tns-c1-0 ng-trigger ng-trigger-fadeIn ng-star-inserted\" style=\"background-color: rgba(51, 51, 51, 0.8); z-index: 99999; position: fixed; opacity: 1;\">...</div>`\n\nFix this problem, or use {force: true} to disable error checking.\n\nhttps://on.cypress.io/element-cannot-be-interacted-with\n    at ensureIsDescendent (https://comet.jainam.in/__cypress/runner/cypress_runner.js:111849:68)\n    at ensureDescendents (https://comet.jainam.in/__cypress/runner/cypress_runner.js:111900:5)\n    at ensureDescendentsAndScroll (https://comet.jainam.in/__cypress/runner/cypress_runner.js:111906:14)\n    at ensureElIsNotCovered (https://comet.jainam.in/__cypress/runner/cypress_runner.js:112037:5)\n    at runAllChecks (https://comet.jainam.in/__cypress/runner/cypress_runner.js:112217:52)\n    at retryActionability (https://comet.jainam.in/__cypress/runner/cypress_runner.js:112254:16)\n    at tryCatcher (https://comet.jainam.in/__cypress/runner/cypress_runner.js:1807:23)\n    at Promise.attempt.Promise.try (https://comet.jainam.in/__cypress/runner/cypress_runner.js:4315:29)\n    at whenStable (https://comet.jainam.in/__cypress/runner/cypress_runner.js:143192:68)\n    at <unknown> (https://comet.jainam.in/__cypress/runner/cypress_runner.js:143133:14)\n    at tryCatcher (https://comet.jainam.in/__cypress/runner/cypress_runner.js:1807:23)\n    at Promise._settlePromiseFromHandler (https://comet.jainam.in/__cypress/runner/cypress_runner.js:1519:31)\n    at Promise._settlePromise (https://comet.jainam.in/__cypress/runner/cypress_runner.js:1576:18)\n    at Promise._settlePromise0 (https://comet.jainam.in/__cypress/runner/cypress_runner.js:1621:10)\n    at Promise._settlePromises (https://comet.jainam.in/__cypress/runner/cypress_runner.js:1701:18)\n    at Promise._fulfill (https://comet.jainam.in/__cypress/runner/cypress_runner.js:1645:18)\n    at <unknown> (https://comet.jainam.in/__cypress/runner/cypress_runner.js:5450:46)\nFrom Your Spec Code:\n    at Context.eval (webpack://demo_1/./cypress/e2e/comet.cy.js:39:29)",
            "diff": null
          },
          "uuid": "475ee8fa-9e0a-4e83-8167-feafd58116c5",
          "parentUUID": "e2be1900-83cd-414b-aa95-86f1c79cc385",
          "isHook": false,
          "skipped": false
        }
      ],
      "suites": [],
      "passes": [],
      "failures": [
        "475ee8fa-9e0a-4e83-8167-feafd58116c5"
      ],
      "pending": [],
      "skipped": [],
      "duration": 68643,
      "root": true,
      "rootEmpty": false,
      "_timeout": 2000
    }
  ],
  "meta": {
    "mocha": {
      "version": "7.0.1"
    },
    "mochawesome": {
      "options": {
        "quiet": false,
        "reportFilename": "mochawesome",
        "saveHtml": false,
        "saveJson": true,
        "consoleReporter": "spec",
        "useInlineDiffs": false,
        "code": true
      },
      "version": "7.1.3"
    },
    "marge": {
      "options": {
        "charts": true,
        "reportPageTitle": "cypress - report",
        "embeddedScreenshots": true,
        "html": false,
        "inlineAssets": true,
        "saveAllAttempts": true,
        "overwrite": false,
        "json": true,
        "reportDir": "cypress\\reports\\html\\.jsons"
      },
      "version": "6.2.0"
    }
  }
}